c:\users\angaleswarik\documents\visual studio 2015\projects\dllforvendingmachine\dllforvendingmachine\debug\dllforvendingmachine.pch
c:\users\angaleswarik\documents\visual studio 2015\projects\dllforvendingmachine\dllforvendingmachine\debug\vc140.pdb
c:\users\angaleswarik\documents\visual studio 2015\projects\dllforvendingmachine\dllforvendingmachine\debug\vc140.idb
c:\users\angaleswarik\documents\visual studio 2015\projects\dllforvendingmachine\dllforvendingmachine\debug\stdafx.obj
c:\users\angaleswarik\documents\visual studio 2015\projects\dllforvendingmachine\dllforvendingmachine\debug\cashmanager.obj
c:\users\angaleswarik\documents\visual studio 2015\projects\dllforvendingmachine\dllforvendingmachine\debug\controller.obj
c:\users\angaleswarik\documents\visual studio 2015\projects\dllforvendingmachine\dllforvendingmachine\debug\dispenser.obj
c:\users\angaleswarik\documents\visual studio 2015\projects\dllforvendingmachine\dllforvendingmachine\debug\dispenserfactory.obj
c:\users\angaleswarik\documents\visual studio 2015\projects\dllforvendingmachine\dllforvendingmachine\debug\dllforvendingmachine.obj
c:\users\angaleswarik\documents\visual studio 2015\projects\dllforvendingmachine\dllforvendingmachine\debug\employeeidmanager.obj
c:\users\angaleswarik\documents\visual studio 2015\projects\dllforvendingmachine\dllforvendingmachine\debug\liquiddispenser.obj
c:\users\angaleswarik\documents\visual studio 2015\projects\dllforvendingmachine\dllforvendingmachine\debug\powderdispenser.obj
c:\users\angaleswarik\documents\visual studio 2015\projects\dllforvendingmachine\dllforvendingmachine\debug\recipe.obj
c:\users\angaleswarik\documents\visual studio 2015\projects\dllforvendingmachine\dllforvendingmachine\debug\snackdispenser.obj
c:\users\angaleswarik\documents\visual studio 2015\projects\dllforvendingmachine\dllforvendingmachine\debug\vendingmachine.obj
c:\users\angaleswarik\documents\visual studio 2015\projects\dllforvendingmachine\dllforvendingmachine\debug\dllmain.obj
c:\users\angaleswarik\documents\visual studio 2015\projects\dllforvendingmachine\debug\dllforvendingmachine.lib
c:\users\angaleswarik\documents\visual studio 2015\projects\dllforvendingmachine\debug\dllforvendingmachine.exp
c:\users\angaleswarik\documents\visual studio 2015\projects\dllforvendingmachine\debug\dllforvendingmachine.ilk
c:\users\angaleswarik\documents\visual studio 2015\projects\dllforvendingmachine\debug\dllforvendingmachine.dll
c:\users\angaleswarik\documents\visual studio 2015\projects\dllforvendingmachine\debug\dllforvendingmachine.pdb
c:\users\angaleswarik\documents\visual studio 2015\projects\dllforvendingmachine\dllforvendingmachine\debug\dllforve.16a56d15.tlog\cl.command.1.tlog
c:\users\angaleswarik\documents\visual studio 2015\projects\dllforvendingmachine\dllforvendingmachine\debug\dllforve.16a56d15.tlog\cl.read.1.tlog
c:\users\angaleswarik\documents\visual studio 2015\projects\dllforvendingmachine\dllforvendingmachine\debug\dllforve.16a56d15.tlog\cl.write.1.tlog
c:\users\angaleswarik\documents\visual studio 2015\projects\dllforvendingmachine\dllforvendingmachine\debug\dllforve.16a56d15.tlog\dllforvendingmachine.write.1u.tlog
c:\users\angaleswarik\documents\visual studio 2015\projects\dllforvendingmachine\dllforvendingmachine\debug\dllforve.16a56d15.tlog\link.command.1.tlog
c:\users\angaleswarik\documents\visual studio 2015\projects\dllforvendingmachine\dllforvendingmachine\debug\dllforve.16a56d15.tlog\link.read.1.tlog
c:\users\angaleswarik\documents\visual studio 2015\projects\dllforvendingmachine\dllforvendingmachine\debug\dllforve.16a56d15.tlog\link.write.1.tlog
